This file contains any messages produced by compilers while
running configure, to aid debugging if configure makes a mistake.

It was created by awn-extras-applets configure 0.2.1, which was
generated by GNU Autoconf 2.61.  Invocation command line was

  $ ./configure --enable-maintainer-mode

## --------- ##
## Platform. ##
## --------- ##

hostname = asgard
uname -m = i686
uname -r = 2.6.22-14-generic
uname -s = Linux
uname -v = #1 SMP Sun Oct 14 23:05:12 GMT 2007

/usr/bin/uname -p = unknown
/bin/uname -X     = unknown

/bin/arch              = unknown
/usr/bin/arch -k       = unknown
/usr/convex/getsysinfo = unknown
/usr/bin/hostinfo      = unknown
/bin/machine           = unknown
/usr/bin/oslevel       = unknown
/bin/universe          = unknown

PATH: /usr/local/sbin
PATH: /usr/local/bin
PATH: /usr/sbin
PATH: /usr/bin
PATH: /sbin
PATH: /bin
PATH: /usr/bin/X11
PATH: /usr/games


## ----------- ##
## Core tests. ##
## ----------- ##

configure:2045: checking for a BSD-compatible install
configure:2101: result: /usr/bin/install -c
configure:2112: checking whether build environment is sane
configure:2155: result: yes
configure:2220: checking for gawk
configure:2236: found /usr/bin/gawk
configure:2247: result: gawk
configure:2258: checking whether make sets $(MAKE)
configure:2279: result: yes
configure:2466: checking whether to enable maintainer-specific portions of Makefiles
configure:2475: result: yes
configure:2503: checking for style of include used by make
configure:2531: result: GNU
configure:2604: checking for gcc
configure:2620: found /usr/bin/gcc
configure:2631: result: gcc
configure:2869: checking for C compiler version
configure:2876: gcc --version >&5
gcc (GCC) 4.1.3 20070929 (prerelease) (Ubuntu 4.1.2-16ubuntu2)
Copyright (C) 2006 Free Software Foundation, Inc.
This is free software; see the source for copying conditions.  There is NO
warranty; not even for MERCHANTABILITY or FITNESS FOR A PARTICULAR PURPOSE.

configure:2879: $? = 0
configure:2886: gcc -v >&5
Using built-in specs.
Target: i486-linux-gnu
Configured with: ../src/configure -v --enable-languages=c,c++,fortran,objc,obj-c++,treelang --prefix=/usr --enable-shared --with-system-zlib --libexecdir=/usr/lib --without-included-gettext --enable-threads=posix --enable-nls --with-gxx-include-dir=/usr/include/c++/4.1.3 --program-suffix=-4.1 --enable-__cxa_atexit --enable-clocale=gnu --enable-libstdcxx-debug --enable-mpfr --enable-checking=release i486-linux-gnu
Thread model: posix
gcc version 4.1.3 20070929 (prerelease) (Ubuntu 4.1.2-16ubuntu2)
configure:2889: $? = 0
configure:2896: gcc -V >&5
gcc: '-V' option must have argument
configure:2899: $? = 1
configure:2922: checking for C compiler default output file name
configure:2949: gcc    conftest.c  >&5
configure:2952: $? = 0
configure:2990: result: a.out
configure:3007: checking whether the C compiler works
configure:3017: ./a.out
configure:3020: $? = 0
configure:3037: result: yes
configure:3044: checking whether we are cross compiling
configure:3046: result: no
configure:3049: checking for suffix of executables
configure:3056: gcc -o conftest    conftest.c  >&5
configure:3059: $? = 0
configure:3083: result: 
configure:3089: checking for suffix of object files
configure:3115: gcc -c   conftest.c >&5
configure:3118: $? = 0
configure:3141: result: o
configure:3145: checking whether we are using the GNU C compiler
configure:3174: gcc -c   conftest.c >&5
configure:3180: $? = 0
configure:3197: result: yes
configure:3202: checking whether gcc accepts -g
configure:3232: gcc -c -g  conftest.c >&5
configure:3238: $? = 0
configure:3337: result: yes
configure:3354: checking for gcc option to accept ISO C89
configure:3428: gcc  -c -g -O2  conftest.c >&5
configure:3434: $? = 0
configure:3457: result: none needed
configure:3477: checking dependency style of gcc
configure:3567: result: gcc3
configure:3585: checking for library containing strerror
configure:3626: gcc -o conftest -g -O2   conftest.c  >&5
configure:3632: $? = 0
configure:3660: result: none required
configure:3716: checking for gcc
configure:3743: result: gcc
configure:3981: checking for C compiler version
configure:3988: gcc --version >&5
gcc (GCC) 4.1.3 20070929 (prerelease) (Ubuntu 4.1.2-16ubuntu2)
Copyright (C) 2006 Free Software Foundation, Inc.
This is free software; see the source for copying conditions.  There is NO
warranty; not even for MERCHANTABILITY or FITNESS FOR A PARTICULAR PURPOSE.

configure:3991: $? = 0
configure:3998: gcc -v >&5
Using built-in specs.
Target: i486-linux-gnu
Configured with: ../src/configure -v --enable-languages=c,c++,fortran,objc,obj-c++,treelang --prefix=/usr --enable-shared --with-system-zlib --libexecdir=/usr/lib --without-included-gettext --enable-threads=posix --enable-nls --with-gxx-include-dir=/usr/include/c++/4.1.3 --program-suffix=-4.1 --enable-__cxa_atexit --enable-clocale=gnu --enable-libstdcxx-debug --enable-mpfr --enable-checking=release i486-linux-gnu
Thread model: posix
gcc version 4.1.3 20070929 (prerelease) (Ubuntu 4.1.2-16ubuntu2)
configure:4001: $? = 0
configure:4008: gcc -V >&5
gcc: '-V' option must have argument
configure:4011: $? = 1
configure:4014: checking whether we are using the GNU C compiler
configure:4066: result: yes
configure:4071: checking whether gcc accepts -g
configure:4206: result: yes
configure:4223: checking for gcc option to accept ISO C89
configure:4326: result: none needed
configure:4346: checking dependency style of gcc
configure:4436: result: gcc3
configure:4458: checking how to run the C preprocessor
configure:4498: gcc -E  conftest.c
configure:4504: $? = 0
configure:4535: gcc -E  conftest.c
conftest.c:10:28: error: ac_nonexistent.h: No such file or directory
configure:4541: $? = 1
configure: failed program was:
| /* confdefs.h.  */
| #define PACKAGE_NAME "awn-extras-applets"
| #define PACKAGE_TARNAME "awn-extras-applets"
| #define PACKAGE_VERSION "0.2.1"
| #define PACKAGE_STRING "awn-extras-applets 0.2.1"
| #define PACKAGE_BUGREPORT ""
| #define PACKAGE "awn-extras-applets"
| #define VERSION "0.2.1"
| /* end confdefs.h.  */
| #include <ac_nonexistent.h>
configure:4574: result: gcc -E
configure:4603: gcc -E  conftest.c
configure:4609: $? = 0
configure:4640: gcc -E  conftest.c
conftest.c:10:28: error: ac_nonexistent.h: No such file or directory
configure:4646: $? = 1
configure: failed program was:
| /* confdefs.h.  */
| #define PACKAGE_NAME "awn-extras-applets"
| #define PACKAGE_TARNAME "awn-extras-applets"
| #define PACKAGE_VERSION "0.2.1"
| #define PACKAGE_STRING "awn-extras-applets 0.2.1"
| #define PACKAGE_BUGREPORT ""
| #define PACKAGE "awn-extras-applets"
| #define VERSION "0.2.1"
| /* end confdefs.h.  */
| #include <ac_nonexistent.h>
configure:4684: checking for grep that handles long lines and -e
configure:4758: result: /bin/grep
configure:4763: checking for egrep
configure:4841: result: /bin/grep -E
configure:4846: checking for ANSI C header files
configure:4876: gcc -c -g -O2  conftest.c >&5
configure:4882: $? = 0
configure:4981: gcc -o conftest -g -O2   conftest.c  >&5
configure:4984: $? = 0
configure:4990: ./conftest
configure:4993: $? = 0
configure:5010: result: yes
configure:5098: checking build system type
configure:5116: result: i686-pc-linux-gnu
configure:5138: checking host system type
configure:5153: result: i686-pc-linux-gnu
configure:5175: checking for a sed that does not truncate output
configure:5231: result: /bin/sed
configure:5245: checking for ld used by gcc
configure:5312: result: /usr/bin/ld
configure:5321: checking if the linker (/usr/bin/ld) is GNU ld
configure:5336: result: yes
configure:5341: checking for /usr/bin/ld option to reload object files
configure:5348: result: -r
configure:5366: checking for BSD-compatible nm
configure:5415: result: /usr/bin/nm -B
configure:5419: checking whether ln -s works
configure:5423: result: yes
configure:5430: checking how to recognize dependent libraries
configure:5616: result: pass_all
configure:5865: checking for sys/types.h
configure:5886: gcc -c -g -O2  conftest.c >&5
configure:5892: $? = 0
configure:5908: result: yes
configure:5865: checking for sys/stat.h
configure:5886: gcc -c -g -O2  conftest.c >&5
configure:5892: $? = 0
configure:5908: result: yes
configure:5865: checking for stdlib.h
configure:5886: gcc -c -g -O2  conftest.c >&5
configure:5892: $? = 0
configure:5908: result: yes
configure:5865: checking for string.h
configure:5886: gcc -c -g -O2  conftest.c >&5
configure:5892: $? = 0
configure:5908: result: yes
configure:5865: checking for memory.h
configure:5886: gcc -c -g -O2  conftest.c >&5
configure:5892: $? = 0
configure:5908: result: yes
configure:5865: checking for strings.h
configure:5886: gcc -c -g -O2  conftest.c >&5
configure:5892: $? = 0
configure:5908: result: yes
configure:5865: checking for inttypes.h
configure:5886: gcc -c -g -O2  conftest.c >&5
configure:5892: $? = 0
configure:5908: result: yes
configure:5865: checking for stdint.h
configure:5886: gcc -c -g -O2  conftest.c >&5
configure:5892: $? = 0
configure:5908: result: yes
configure:5865: checking for unistd.h
configure:5886: gcc -c -g -O2  conftest.c >&5
configure:5892: $? = 0
configure:5908: result: yes
configure:5935: checking dlfcn.h usability
configure:5952: gcc -c -g -O2  conftest.c >&5
configure:5958: $? = 0
configure:5972: result: yes
configure:5976: checking dlfcn.h presence
configure:5991: gcc -E  conftest.c
configure:5997: $? = 0
configure:6011: result: yes
configure:6039: checking for dlfcn.h
configure:6047: result: yes
configure:6118: checking for g++
configure:6134: found /usr/bin/g++
configure:6145: result: g++
configure:6176: checking for C++ compiler version
configure:6183: g++ --version >&5
g++ (GCC) 4.1.3 20070929 (prerelease) (Ubuntu 4.1.2-16ubuntu2)
Copyright (C) 2006 Free Software Foundation, Inc.
This is free software; see the source for copying conditions.  There is NO
warranty; not even for MERCHANTABILITY or FITNESS FOR A PARTICULAR PURPOSE.

configure:6186: $? = 0
configure:6193: g++ -v >&5
Using built-in specs.
Target: i486-linux-gnu
Configured with: ../src/configure -v --enable-languages=c,c++,fortran,objc,obj-c++,treelang --prefix=/usr --enable-shared --with-system-zlib --libexecdir=/usr/lib --without-included-gettext --enable-threads=posix --enable-nls --with-gxx-include-dir=/usr/include/c++/4.1.3 --program-suffix=-4.1 --enable-__cxa_atexit --enable-clocale=gnu --enable-libstdcxx-debug --enable-mpfr --enable-checking=release i486-linux-gnu
Thread model: posix
gcc version 4.1.3 20070929 (prerelease) (Ubuntu 4.1.2-16ubuntu2)
configure:6196: $? = 0
configure:6203: g++ -V >&5
g++: '-V' option must have argument
configure:6206: $? = 1
configure:6209: checking whether we are using the GNU C++ compiler
configure:6238: g++ -c   conftest.cpp >&5
configure:6244: $? = 0
configure:6261: result: yes
configure:6266: checking whether g++ accepts -g
configure:6296: g++ -c -g  conftest.cpp >&5
configure:6302: $? = 0
configure:6401: result: yes
configure:6426: checking dependency style of g++
configure:6516: result: gcc3
configure:6543: checking how to run the C++ preprocessor
configure:6579: g++ -E  conftest.cpp
configure:6585: $? = 0
configure:6616: g++ -E  conftest.cpp
conftest.cpp:21:28: error: ac_nonexistent.h: No such file or directory
configure:6622: $? = 1
configure: failed program was:
| /* confdefs.h.  */
| #define PACKAGE_NAME "awn-extras-applets"
| #define PACKAGE_TARNAME "awn-extras-applets"
| #define PACKAGE_VERSION "0.2.1"
| #define PACKAGE_STRING "awn-extras-applets 0.2.1"
| #define PACKAGE_BUGREPORT ""
| #define PACKAGE "awn-extras-applets"
| #define VERSION "0.2.1"
| #define STDC_HEADERS 1
| #define HAVE_SYS_TYPES_H 1
| #define HAVE_SYS_STAT_H 1
| #define HAVE_STDLIB_H 1
| #define HAVE_STRING_H 1
| #define HAVE_MEMORY_H 1
| #define HAVE_STRINGS_H 1
| #define HAVE_INTTYPES_H 1
| #define HAVE_STDINT_H 1
| #define HAVE_UNISTD_H 1
| #define HAVE_DLFCN_H 1
| /* end confdefs.h.  */
| #include <ac_nonexistent.h>
configure:6655: result: g++ -E
configure:6684: g++ -E  conftest.cpp
configure:6690: $? = 0
configure:6721: g++ -E  conftest.cpp
conftest.cpp:21:28: error: ac_nonexistent.h: No such file or directory
configure:6727: $? = 1
configure: failed program was:
| /* confdefs.h.  */
| #define PACKAGE_NAME "awn-extras-applets"
| #define PACKAGE_TARNAME "awn-extras-applets"
| #define PACKAGE_VERSION "0.2.1"
| #define PACKAGE_STRING "awn-extras-applets 0.2.1"
| #define PACKAGE_BUGREPORT ""
| #define PACKAGE "awn-extras-applets"
| #define VERSION "0.2.1"
| #define STDC_HEADERS 1
| #define HAVE_SYS_TYPES_H 1
| #define HAVE_SYS_STAT_H 1
| #define HAVE_STDLIB_H 1
| #define HAVE_STRING_H 1
| #define HAVE_MEMORY_H 1
| #define HAVE_STRINGS_H 1
| #define HAVE_INTTYPES_H 1
| #define HAVE_STDINT_H 1
| #define HAVE_UNISTD_H 1
| #define HAVE_DLFCN_H 1
| /* end confdefs.h.  */
| #include <ac_nonexistent.h>
configure:6820: checking for g77
configure:6850: result: no
configure:6820: checking for xlf
configure:6850: result: no
configure:6820: checking for f77
configure:6850: result: no
configure:6820: checking for frt
configure:6850: result: no
configure:6820: checking for pgf77
configure:6850: result: no
configure:6820: checking for cf77
configure:6850: result: no
configure:6820: checking for fort77
configure:6850: result: no
configure:6820: checking for fl32
configure:6850: result: no
configure:6820: checking for af77
configure:6850: result: no
configure:6820: checking for xlf90
configure:6850: result: no
configure:6820: checking for f90
configure:6850: result: no
configure:6820: checking for pgf90
configure:6850: result: no
configure:6820: checking for pghpf
configure:6850: result: no
configure:6820: checking for epcf90
configure:6850: result: no
configure:6820: checking for gfortran
configure:6850: result: no
configure:6820: checking for g95
configure:6850: result: no
configure:6820: checking for xlf95
configure:6850: result: no
configure:6820: checking for f95
configure:6850: result: no
configure:6820: checking for fort
configure:6850: result: no
configure:6820: checking for ifort
configure:6850: result: no
configure:6820: checking for ifc
configure:6850: result: no
configure:6820: checking for efc
configure:6850: result: no
configure:6820: checking for pgf95
configure:6850: result: no
configure:6820: checking for lf95
configure:6850: result: no
configure:6820: checking for ftn
configure:6850: result: no
configure:6877: checking for Fortran 77 compiler version
configure:6884:  --version >&5
./configure: line 6885: --version: command not found
configure:6887: $? = 127
configure:6894:  -v >&5
./configure: line 6895: -v: command not found
configure:6897: $? = 127
configure:6904:  -V >&5
./configure: line 6905: -V: command not found
configure:6907: $? = 127
configure:6915: checking whether we are using the GNU Fortran 77 compiler
configure:6934:  -c  conftest.F >&5
./configure: line 6935: -c: command not found
configure:6940: $? = 127
configure: failed program was:
|       program main
| #ifndef __GNUC__
|        choke me
| #endif
| 
|       end
configure:6957: result: no
configure:6963: checking whether  accepts -g
configure:6980:  -c -g conftest.f >&5
./configure: line 6981: -c: command not found
configure:6986: $? = 127
configure: failed program was:
|       program main
| 
|       end
configure:7002: result: no
configure:7032: checking the maximum length of command line arguments
configure:7144: result: 98304
configure:7156: checking command to parse /usr/bin/nm -B output from gcc object
configure:7261: gcc -c -g -O2  conftest.c >&5
configure:7264: $? = 0
configure:7268: /usr/bin/nm -B conftest.o \| sed -n -e 's/^.*[ 	]\([ABCDGIRSTW][ABCDGIRSTW]*\)[ 	][ 	]*\([_A-Za-z][_A-Za-z0-9]*\)$/\1 \2 \2/p' \> conftest.nm
configure:7271: $? = 0
configure:7323: gcc -o conftest -g -O2   conftest.c conftstm.o >&5
configure:7326: $? = 0
configure:7364: result: ok
configure:7368: checking for objdir
configure:7383: result: .libs
configure:7475: checking for ar
configure:7491: found /usr/bin/ar
configure:7502: result: ar
configure:7571: checking for ranlib
configure:7587: found /usr/bin/ranlib
configure:7598: result: ranlib
configure:7667: checking for strip
configure:7683: found /usr/bin/strip
configure:7694: result: strip
configure:7980: checking if gcc supports -fno-rtti -fno-exceptions
configure:7998: gcc -c -g -O2  -fno-rtti -fno-exceptions conftest.c >&5
cc1: warning: command line option "-fno-rtti" is valid for C++/ObjC++ but not for C
configure:8002: $? = 0
configure:8015: result: no
configure:8030: checking for gcc option to produce PIC
configure:8262: result: -fPIC
configure:8270: checking if gcc PIC flag -fPIC works
configure:8288: gcc -c -g -O2  -fPIC -DPIC conftest.c >&5
configure:8292: $? = 0
configure:8305: result: yes
configure:8333: checking if gcc static flag -static works
configure:8361: result: yes
configure:8371: checking if gcc supports -c -o file.o
configure:8392: gcc -c -g -O2  -o out/conftest2.o conftest.c >&5
configure:8396: $? = 0
configure:8418: result: yes
configure:8444: checking whether the gcc linker (/usr/bin/ld) supports shared libraries
configure:9425: result: yes
configure:9446: checking whether -lc should be explicitly linked in
configure:9451: gcc -c -g -O2  conftest.c >&5
configure:9454: $? = 0
configure:9469: gcc -shared conftest.o  -v -Wl,-soname -Wl,conftest -o conftest 2\>\&1 \| grep  -lc  \>/dev/null 2\>\&1
configure:9472: $? = 0
configure:9484: result: no
configure:9492: checking dynamic linker characteristics
configure:10106: result: GNU/Linux ld.so
configure:10115: checking how to hardcode library paths into programs
configure:10140: result: immediate
configure:10154: checking whether stripping libraries is possible
configure:10159: result: yes
configure:10961: checking if libtool supports shared libraries
configure:10963: result: yes
configure:10966: checking whether to build shared libraries
configure:10987: result: yes
configure:10990: checking whether to build static libraries
configure:10994: result: yes
configure:11087: creating libtool
configure:11675: checking for ld used by g++
configure:11742: result: /usr/bin/ld
configure:11751: checking if the linker (/usr/bin/ld) is GNU ld
configure:11766: result: yes
configure:11817: checking whether the g++ linker (/usr/bin/ld) supports shared libraries
configure:12791: result: yes
configure:12809: g++ -c -g -O2  conftest.cpp >&5
configure:12812: $? = 0
configure:12964: checking for g++ option to produce PIC
configure:13248: result: -fPIC
configure:13256: checking if g++ PIC flag -fPIC works
configure:13274: g++ -c -g -O2  -fPIC -DPIC conftest.cpp >&5
configure:13278: $? = 0
configure:13291: result: yes
configure:13319: checking if g++ static flag -static works
configure:13347: result: yes
configure:13357: checking if g++ supports -c -o file.o
configure:13378: g++ -c -g -O2  -o out/conftest2.o conftest.cpp >&5
configure:13382: $? = 0
configure:13404: result: yes
configure:13430: checking whether the g++ linker (/usr/bin/ld) supports shared libraries
configure:13458: result: yes
configure:13525: checking dynamic linker characteristics
configure:14087: result: GNU/Linux ld.so
configure:14096: checking how to hardcode library paths into programs
configure:14121: result: immediate
configure:20321: checking for gconftool-2
configure:20339: found /usr/bin/gconftool-2
configure:20352: result: /usr/bin/gconftool-2
configure:20388: checking for intltool >= 0.34
configure:20395: result: 0.36.2 found
configure:20453: checking for perl
configure:20471: found /usr/bin/perl
configure:20483: result: /usr/bin/perl
configure:20502: checking for XML::Parser
configure:20505: result: ok
configure:20542: gcc -o conftest -g -O2   conftest.c  >&5
configure:20548: $? = 0
configure:20683: checking locale.h usability
configure:20700: gcc -c -g -O2  conftest.c >&5
configure:20706: $? = 0
configure:20720: result: yes
configure:20724: checking locale.h presence
configure:20739: gcc -E  conftest.c
configure:20745: $? = 0
configure:20759: result: yes
configure:20787: checking for locale.h
configure:20795: result: yes
configure:20809: checking for LC_MESSAGES
configure:20835: gcc -o conftest -g -O2   conftest.c  >&5
configure:20841: $? = 0
configure:20858: result: yes
configure:20887: checking libintl.h usability
configure:20904: gcc -c -g -O2  conftest.c >&5
configure:20910: $? = 0
configure:20924: result: yes
configure:20928: checking libintl.h presence
configure:20943: gcc -E  conftest.c
configure:20949: $? = 0
configure:20963: result: yes
configure:20991: checking for libintl.h
configure:20998: result: yes
configure:21009: checking for ngettext in libc
configure:21037: gcc -o conftest -g -O2   conftest.c  >&5
configure:21043: $? = 0
configure:21061: result: yes
configure:21065: checking for dgettext in libc
configure:21093: gcc -o conftest -g -O2   conftest.c  >&5
configure:21099: $? = 0
configure:21117: result: yes
configure:21126: checking for bind_textdomain_codeset
configure:21182: gcc -o conftest -g -O2   conftest.c  >&5
configure:21188: $? = 0
configure:21206: result: yes
configure:21693: checking for msgfmt
configure:21720: result: /usr/bin/msgfmt
configure:21733: checking for dcgettext
configure:21789: gcc -o conftest -g -O2   conftest.c   >&5
conftest.c:49: warning: conflicting types for built-in function 'dcgettext'
configure:21795: $? = 0
configure:21813: result: yes
configure:21824: checking if msgfmt accepts -c
configure:21839: $MSGFMT -c -o /dev/null conftest.foo
configure:21842: $? = 0
configure:21844: result: yes
configure:21854: checking for gmsgfmt
configure:21885: result: /usr/bin/msgfmt
configure:21895: checking for xgettext
configure:21922: result: /usr/bin/xgettext
configure:21951: gcc -o conftest -g -O2   conftest.c   >&5
configure:21957: $? = 0
configure:22236: checking for pkg-config
configure:22254: found /usr/bin/pkg-config
configure:22266: result: /usr/bin/pkg-config
configure:22295: checking pkg-config is at least version 0.9.0
configure:22298: result: yes
configure:22309: checking for DEPS
configure:22332: $PKG_CONFIG --exists --print-errors "gtk+-2.0
                  awn
                  libwnck-1.0
                  libglade-2.0
                  libgnome-menu
                  gnome-desktop-2.0
                  librsvg-2.0
                  libgtop-2.0
                  glib-2.0
	          dbus-1
	          dbus-glib-1
                  libsexy
	          gconf-2.0
	          gdk-2.0
		  gdk-pixbuf-2.0
		  libnotify"
configure:22350: $? = 0
configure:22395: $PKG_CONFIG --exists --print-errors "gtk+-2.0
                  awn
                  libwnck-1.0
                  libglade-2.0
                  libgnome-menu
                  gnome-desktop-2.0
                  librsvg-2.0
                  libgtop-2.0
                  glib-2.0
	          dbus-1
	          dbus-glib-1
                  libsexy
	          gconf-2.0
	          gdk-2.0
		  gdk-pixbuf-2.0
		  libnotify"
configure:22413: $? = 0
configure:22564: result: yes
configure:22574: checking dbus version
configure:22581: result: 1.1.1
configure:22739: result: Using config source xml:merged:/etc/gconf/gconf.xml.defaults for schema installation
configure:22754: result: Using $(sysconfdir)/gconf/schemas as install directory for schema files
configure:22795: result: Using config source xml:merged:/etc/gconf/gconf.xml.defaults for schema installation
configure:22810: result: Using $(sysconfdir)/gconf/schemas as install directory for schema files
configure:22989: creating ./config.status

## ---------------------- ##
## Running config.status. ##
## ---------------------- ##

This file was extended by awn-extras-applets config.status 0.2.1, which was
generated by GNU Autoconf 2.61.  Invocation command line was

  CONFIG_FILES    = 
  CONFIG_HEADERS  = 
  CONFIG_LINKS    = 
  CONFIG_COMMANDS = 
  $ ./config.status 

on asgard

config.status:795: creating Makefile
config.status:795: creating src/Makefile
config.status:795: creating src/awnsystemmonitor/Makefile
config.status:795: creating src/awn-notification-daemon/Makefile
config.status:795: creating src/awn-notification-daemon/data/Makefile
config.status:795: creating src/awn-notification-daemon/po/Makefile.in
config.status:795: creating src/awn-notification-daemon/src/Makefile
config.status:795: creating src/awn-notification-daemon/src/daemon/Makefile
config.status:795: creating src/battery-applet/Makefile
config.status:795: creating src/battery-applet/icons/Makefile
config.status:795: creating src/BlingSwitcher/Makefile
config.status:795: creating src/calendar/Makefile
config.status:795: creating src/calendar/google/Makefile
config.status:795: creating src/calendar/google/atom/Makefile
config.status:795: creating src/calendar/google/gdata/Makefile
config.status:795: creating src/calendar/google/gdata/apps/Makefile
config.status:795: creating src/calendar/google/gdata/base/Makefile
config.status:795: creating src/calendar/google/gdata/calendar/Makefile
config.status:795: creating src/calendar/google/gdata/docs/Makefile
config.status:795: creating src/calendar/google/gdata/spreadsheet/Makefile
config.status:795: creating src/calendar/images/Makefile
config.status:795: creating src/comic/Makefile
config.status:795: creating src/comic/images/Makefile
config.status:795: creating src/digitalClock/Makefile
config.status:795: creating src/filebrowser/Makefile
config.status:795: creating src/gmail/Makefile
config.status:795: creating src/gmail/Themes/Makefile
config.status:795: creating src/gmail/Themes/Default/Makefile
config.status:795: creating src/lastfm/Makefile
config.status:795: creating src/lastfm/icons/Makefile
config.status:795: creating src/main-menu/Makefile
config.status:795: creating src/media-control/Makefile
config.status:795: creating src/media-control/icons/Makefile
config.status:795: creating src/media-icon-back/Makefile
config.status:795: creating src/media-icon-back/icons/Makefile
config.status:795: creating src/media-icon-next/Makefile
config.status:795: creating src/media-icon-next/icons/Makefile
config.status:795: creating src/media-icon-play/Makefile
config.status:795: creating src/media-icon-play/icons/Makefile
config.status:795: creating src/MiMenu/Makefile
config.status:795: creating src/MiMenu/icons/Makefile
config.status:795: creating src/showdesktop/Makefile
config.status:795: creating src/notification-area/Makefile
config.status:795: creating src/plugger/Makefile
config.status:795: creating src/PyClock/Makefile
config.status:795: creating src/PyClock/Themes/Makefile
config.status:795: creating src/PyClock/Themes/Plain-Clock/Makefile
config.status:795: creating src/PyClock/Themes/SBB/Makefile
config.status:795: creating src/PyClock/Themes/Tango/Makefile
config.status:795: creating src/python-test/Makefile
config.status:795: creating src/quit-applet/Makefile
config.status:795: creating src/quit-applet/icons/Makefile
config.status:795: creating src/separator/Makefile
config.status:795: creating src/volume-control/Makefile
config.status:795: creating src/volume-control/Themes/Makefile
config.status:795: creating src/volume-control/Themes/Black/Makefile
config.status:795: creating src/volume-control/Themes/Tango/Makefile
config.status:795: creating src/stacks/Makefile
config.status:795: creating src/stacks/icons/Makefile
config.status:795: creating src/switcher/Makefile
config.status:795: creating src/trash/Makefile
config.status:795: creating src/trasher/Makefile
config.status:795: creating src/tsclient-applet/Makefile
config.status:795: creating src/tsclient-applet/icons/Makefile
config.status:795: creating src/weather/Makefile
config.status:795: creating src/weather/images/Makefile
config.status:795: creating src/wobblyzini/Makefile
config.status:795: creating src/wobblyzini/icons/Makefile
config.status:795: creating po/Makefile.in
config.status:795: creating config.h
config.status:1027: config.h is unchanged
config.status:1073: executing depfiles commands
config.status:1073: executing intltool commands
config.status:1073: executing default-1 commands
config.status:1073: executing po/stamp-it commands

## ---------------- ##
## Cache variables. ##
## ---------------- ##

ac_cv_build=i686-pc-linux-gnu
ac_cv_c_compiler_gnu=yes
ac_cv_cxx_compiler_gnu=yes
ac_cv_env_CCC_set=
ac_cv_env_CCC_value=
ac_cv_env_CC_set=
ac_cv_env_CC_value=
ac_cv_env_CFLAGS_set=
ac_cv_env_CFLAGS_value=
ac_cv_env_CPPFLAGS_set=
ac_cv_env_CPPFLAGS_value=
ac_cv_env_CPP_set=
ac_cv_env_CPP_value=
ac_cv_env_CXXCPP_set=
ac_cv_env_CXXCPP_value=
ac_cv_env_CXXFLAGS_set=
ac_cv_env_CXXFLAGS_value=
ac_cv_env_CXX_set=
ac_cv_env_CXX_value=
ac_cv_env_DEPS_CFLAGS_set=
ac_cv_env_DEPS_CFLAGS_value=
ac_cv_env_DEPS_LIBS_set=
ac_cv_env_DEPS_LIBS_value=
ac_cv_env_F77_set=
ac_cv_env_F77_value=
ac_cv_env_FFLAGS_set=
ac_cv_env_FFLAGS_value=
ac_cv_env_LDFLAGS_set=
ac_cv_env_LDFLAGS_value=
ac_cv_env_LIBS_set=
ac_cv_env_LIBS_value=
ac_cv_env_PKG_CONFIG_set=
ac_cv_env_PKG_CONFIG_value=
ac_cv_env_build_alias_set=
ac_cv_env_build_alias_value=
ac_cv_env_host_alias_set=
ac_cv_env_host_alias_value=
ac_cv_env_target_alias_set=
ac_cv_env_target_alias_value=
ac_cv_f77_compiler_gnu=no
ac_cv_func_bind_textdomain_codeset=yes
ac_cv_func_dcgettext=yes
ac_cv_header_dlfcn_h=yes
ac_cv_header_inttypes_h=yes
ac_cv_header_libintl_h=yes
ac_cv_header_locale_h=yes
ac_cv_header_memory_h=yes
ac_cv_header_stdc=yes
ac_cv_header_stdint_h=yes
ac_cv_header_stdlib_h=yes
ac_cv_header_string_h=yes
ac_cv_header_strings_h=yes
ac_cv_header_sys_stat_h=yes
ac_cv_header_sys_types_h=yes
ac_cv_header_unistd_h=yes
ac_cv_host=i686-pc-linux-gnu
ac_cv_objext=o
ac_cv_path_EGREP='/bin/grep -E'
ac_cv_path_GCONFTOOL=/usr/bin/gconftool-2
ac_cv_path_GMSGFMT=/usr/bin/msgfmt
ac_cv_path_GREP=/bin/grep
ac_cv_path_INTLTOOL_PERL=/usr/bin/perl
ac_cv_path_MSGFMT=/usr/bin/msgfmt
ac_cv_path_XGETTEXT=/usr/bin/xgettext
ac_cv_path_ac_pt_PKG_CONFIG=/usr/bin/pkg-config
ac_cv_path_install='/usr/bin/install -c'
ac_cv_prog_AWK=gawk
ac_cv_prog_CPP='gcc -E'
ac_cv_prog_CXXCPP='g++ -E'
ac_cv_prog_ac_ct_AR=ar
ac_cv_prog_ac_ct_CC=gcc
ac_cv_prog_ac_ct_CXX=g++
ac_cv_prog_ac_ct_RANLIB=ranlib
ac_cv_prog_ac_ct_STRIP=strip
ac_cv_prog_cc_c89=
ac_cv_prog_cc_g=yes
ac_cv_prog_cxx_g=yes
ac_cv_prog_f77_g=no
ac_cv_prog_make_make_set=yes
ac_cv_search_strerror='none required'
am_cv_CC_dependencies_compiler_type=gcc3
am_cv_CXX_dependencies_compiler_type=gcc3
am_cv_val_LC_MESSAGES=yes
gt_cv_func_dgettext_libc=yes
gt_cv_func_dgettext_libintl=no
gt_cv_func_ngettext_libc=yes
gt_cv_have_gettext=yes
lt_cv_deplibs_check_method=pass_all
lt_cv_file_magic_cmd='$MAGIC_CMD'
lt_cv_file_magic_test_file=
lt_cv_ld_reload_flag=-r
lt_cv_objdir=.libs
lt_cv_path_LD=/usr/bin/ld
lt_cv_path_LDCXX=/usr/bin/ld
lt_cv_path_NM='/usr/bin/nm -B'
lt_cv_path_SED=/bin/sed
lt_cv_prog_compiler_c_o=yes
lt_cv_prog_compiler_c_o_CXX=yes
lt_cv_prog_compiler_rtti_exceptions=no
lt_cv_prog_gnu_ld=yes
lt_cv_prog_gnu_ldcxx=yes
lt_cv_sys_global_symbol_pipe='sed -n -e '\''s/^.*[ 	]\([ABCDGIRSTW][ABCDGIRSTW]*\)[ 	][ 	]*\([_A-Za-z][_A-Za-z0-9]*\)$/\1 \2 \2/p'\'''
lt_cv_sys_global_symbol_to_c_name_address='sed -n -e '\''s/^: \([^ ]*\) $/  {\"\1\", (lt_ptr) 0},/p'\'' -e '\''s/^[BCDEGRST] \([^ ]*\) \([^ ]*\)$/  {"\2", (lt_ptr) \&\2},/p'\'''
lt_cv_sys_global_symbol_to_cdecl='sed -n -e '\''s/^. .* \(.*\)$/extern int \1;/p'\'''
lt_cv_sys_max_cmd_len=98304
lt_lt_cv_prog_compiler_c_o='"yes"'
lt_lt_cv_prog_compiler_c_o_CXX='"yes"'
lt_lt_cv_sys_global_symbol_pipe='"sed -n -e '\''s/^.*[ 	]\\([ABCDGIRSTW][ABCDGIRSTW]*\\)[ 	][ 	]*\\([_A-Za-z][_A-Za-z0-9]*\\)\$/\\1 \\2 \\2/p'\''"'
lt_lt_cv_sys_global_symbol_to_c_name_address='"sed -n -e '\''s/^: \\([^ ]*\\) \$/  {\\\"\\1\\\", (lt_ptr) 0},/p'\'' -e '\''s/^[BCDEGRST] \\([^ ]*\\) \\([^ ]*\\)\$/  {\"\\2\", (lt_ptr) \\&\\2},/p'\''"'
lt_lt_cv_sys_global_symbol_to_cdecl='"sed -n -e '\''s/^. .* \\(.*\\)\$/extern int \\1;/p'\''"'
pkg_cv_DEPS_CFLAGS='-DORBIT2=1 -pthread -I/usr/local/include -I/usr/include/gtk-2.0 -I/usr/lib/gtk-2.0/include -I/usr/include/atk-1.0 -I/usr/include/cairo -I/usr/include/pango-1.0 -I/usr/include/glib-2.0 -I/usr/lib/glib-2.0/include -I/usr/include/freetype2 -I/usr/include/libpng12 -I/usr/include/libgnome-2.0 -I/usr/include/gnome-vfs-2.0 -I/usr/lib/gnome-vfs-2.0/include -I/usr/include/gconf/2 -I/usr/include/orbit-2.0 -I/usr/include/libbonobo-2.0 -I/usr/include/bonobo-activation-2.0 -I/usr/include/libwnck-1.0 -I/usr/include/startup-notification-1.0 -I/usr/include/libglade-2.0 -I/usr/include/libxml2 -I/usr/include/gnome-menus -I/usr/include/gnome-desktop-2.0 -I/usr/include/libgnomeui-2.0 -I/usr/include/libart-2.0 -I/usr/include/gnome-keyring-1 -I/usr/include/libbonoboui-2.0 -I/usr/include/libgnomecanvas-2.0 -I/usr/include/gail-1.0 -I/usr/include/librsvg-2 -I/usr/include/libgtop-2.0 -I/usr/include/dbus-1.0 -I/usr/lib/dbus-1.0/include  '
pkg_cv_DEPS_LIBS='-pthread -L/usr/local/lib -lawn -lwnck-1 -lglade-2.0 -lgnome-menu -lgnome-desktop-2 -lgnomeui-2 -lSM -lICE -lstartup-notification-1 -lbonoboui-2 -lgnomevfs-2 -lgnomecanvas-2 -lgnome-2 -lpopt -lbonobo-2 -lbonobo-activation -lart_lgpl_2 -lrsvg-2 -lgtop-2.0 -lsexy -lxml2 -lgconf-2 -lORBit-2 -lgthread-2.0 -lrt -lnotify -lgtk-x11-2.0 -ldbus-glib-1 -lgdk-x11-2.0 -latk-1.0 -lgdk_pixbuf-2.0 -lm -lpangocairo-1.0 -lfontconfig -lXext -lXrender -lXinerama -lXi -lXrandr -lXcursor -lXcomposite -lXdamage -lpango-1.0 -lcairo -lX11 -lXfixes -lgmodule-2.0 -ldl -ldbus-1 -lgobject-2.0 -lglib-2.0  '

## ----------------- ##
## Output variables. ##
## ----------------- ##

ACLOCAL='${SHELL} /home/kremso/awn-dev/awn-extras/trunk/awn-applets/awn-extras-applets/missing --run aclocal-1.9'
ALL_LINGUAS=''
AMDEPBACKSLASH='\'
AMDEP_FALSE='#'
AMDEP_TRUE=''
AMTAR='${SHELL} /home/kremso/awn-dev/awn-extras/trunk/awn-applets/awn-extras-applets/missing --run tar'
AR='ar'
AUTOCONF='${SHELL} /home/kremso/awn-dev/awn-extras/trunk/awn-applets/awn-extras-applets/missing --run autoconf'
AUTOHEADER='${SHELL} /home/kremso/awn-dev/awn-extras/trunk/awn-applets/awn-extras-applets/missing --run autoheader'
AUTOMAKE='${SHELL} /home/kremso/awn-dev/awn-extras/trunk/awn-applets/awn-extras-applets/missing --run automake-1.9'
AWK='gawk'
CATALOGS=''
CATOBJEXT='.gmo'
CC='gcc'
CCDEPMODE='depmode=gcc3'
CFLAGS='-g -O2'
CPP='gcc -E'
CPPFLAGS=''
CXX='g++'
CXXCPP='g++ -E'
CXXDEPMODE='depmode=gcc3'
CXXFLAGS='-g -O2'
CYGPATH_W='echo'
DATADIR='${prefix}/share'
DATADIRNAME='share'
DEFS='-DHAVE_CONFIG_H'
DEPDIR='.deps'
DEPS_CFLAGS='-DORBIT2=1 -pthread -I/usr/local/include -I/usr/include/gtk-2.0 -I/usr/lib/gtk-2.0/include -I/usr/include/atk-1.0 -I/usr/include/cairo -I/usr/include/pango-1.0 -I/usr/include/glib-2.0 -I/usr/lib/glib-2.0/include -I/usr/include/freetype2 -I/usr/include/libpng12 -I/usr/include/libgnome-2.0 -I/usr/include/gnome-vfs-2.0 -I/usr/lib/gnome-vfs-2.0/include -I/usr/include/gconf/2 -I/usr/include/orbit-2.0 -I/usr/include/libbonobo-2.0 -I/usr/include/bonobo-activation-2.0 -I/usr/include/libwnck-1.0 -I/usr/include/startup-notification-1.0 -I/usr/include/libglade-2.0 -I/usr/include/libxml2 -I/usr/include/gnome-menus -I/usr/include/gnome-desktop-2.0 -I/usr/include/libgnomeui-2.0 -I/usr/include/libart-2.0 -I/usr/include/gnome-keyring-1 -I/usr/include/libbonoboui-2.0 -I/usr/include/libgnomecanvas-2.0 -I/usr/include/gail-1.0 -I/usr/include/librsvg-2 -I/usr/include/libgtop-2.0 -I/usr/include/dbus-1.0 -I/usr/lib/dbus-1.0/include  '
DEPS_LIBS='-pthread -L/usr/local/lib -lawn -lwnck-1 -lglade-2.0 -lgnome-menu -lgnome-desktop-2 -lgnomeui-2 -lSM -lICE -lstartup-notification-1 -lbonoboui-2 -lgnomevfs-2 -lgnomecanvas-2 -lgnome-2 -lpopt -lbonobo-2 -lbonobo-activation -lart_lgpl_2 -lrsvg-2 -lgtop-2.0 -lsexy -lxml2 -lgconf-2 -lORBit-2 -lgthread-2.0 -lrt -lnotify -lgtk-x11-2.0 -ldbus-glib-1 -lgdk-x11-2.0 -latk-1.0 -lgdk_pixbuf-2.0 -lm -lpangocairo-1.0 -lfontconfig -lXext -lXrender -lXinerama -lXi -lXrandr -lXcursor -lXcomposite -lXdamage -lpango-1.0 -lcairo -lX11 -lXfixes -lgmodule-2.0 -ldl -ldbus-1 -lgobject-2.0 -lglib-2.0  '
ECHO='echo'
ECHO_C=''
ECHO_N='-n'
ECHO_T=''
EGREP='/bin/grep -E'
EXEEXT=''
F77=''
FFLAGS=''
GCC_FLAGS='-g -Wall'
GCONFTOOL='/usr/bin/gconftool-2'
GCONF_SCHEMAS_INSTALL_FALSE='#'
GCONF_SCHEMAS_INSTALL_TRUE=''
GCONF_SCHEMA_CONFIG_SOURCE='xml:merged:/etc/gconf/gconf.xml.defaults'
GCONF_SCHEMA_FILE_DIR='$(sysconfdir)/gconf/schemas'
GDK_CFLAGS=''
GDK_LIBS=''
GETTEXT_PACKAGE='awn-extras-applets'
GMOFILES=''
GMSGFMT='/usr/bin/msgfmt'
GREP='/bin/grep'
INSTALL_DATA='${INSTALL} -m 644'
INSTALL_PROGRAM='${INSTALL}'
INSTALL_SCRIPT='${INSTALL}'
INSTALL_STRIP_PROGRAM='${SHELL} $(install_sh) -c -s'
INSTOBJEXT='.mo'
INTLLIBS=''
INTLTOOL_CAVES_RULE='%.caves:     %.caves.in     $(INTLTOOL_MERGE) $(wildcard $(top_srcdir)/po/*.po) ; LC_ALL=C $(INTLTOOL_MERGE) -d -u -c $(top_builddir)/po/.intltool-merge-cache $(top_srcdir)/po $< $@'
INTLTOOL_DESKTOP_RULE='%.desktop:   %.desktop.in   $(INTLTOOL_MERGE) $(wildcard $(top_srcdir)/po/*.po) ; LC_ALL=C $(INTLTOOL_MERGE) -d -u -c $(top_builddir)/po/.intltool-merge-cache $(top_srcdir)/po $< $@'
INTLTOOL_DIRECTORY_RULE='%.directory: %.directory.in $(INTLTOOL_MERGE) $(wildcard $(top_srcdir)/po/*.po) ; LC_ALL=C $(INTLTOOL_MERGE) -d -u -c $(top_builddir)/po/.intltool-merge-cache $(top_srcdir)/po $< $@'
INTLTOOL_EXTRACT='$(top_builddir)/intltool-extract'
INTLTOOL_KBD_RULE='%.kbd:       %.kbd.in       $(INTLTOOL_MERGE) $(wildcard $(top_srcdir)/po/*.po) ; LC_ALL=C $(INTLTOOL_MERGE) -x -u -m -c $(top_builddir)/po/.intltool-merge-cache $(top_srcdir)/po $< $@'
INTLTOOL_KEYS_RULE='%.keys:      %.keys.in      $(INTLTOOL_MERGE) $(wildcard $(top_srcdir)/po/*.po) ; LC_ALL=C $(INTLTOOL_MERGE) -k -u -c $(top_builddir)/po/.intltool-merge-cache $(top_srcdir)/po $< $@'
INTLTOOL_MERGE='$(top_builddir)/intltool-merge'
INTLTOOL_OAF_RULE='%.oaf:       %.oaf.in       $(INTLTOOL_MERGE) $(wildcard $(top_srcdir)/po/*.po) ; LC_ALL=C $(INTLTOOL_MERGE) -o -p $(top_srcdir)/po $< $@'
INTLTOOL_PERL='/usr/bin/perl'
INTLTOOL_POLICY_RULE='%.policy:    %.policy.in    $(INTLTOOL_MERGE) $(wildcard $(top_srcdir)/po/*.po) ; LC_ALL=C $(INTLTOOL_MERGE) -x -u -c $(top_builddir)/po/.intltool-merge-cache $(top_srcdir)/po $< $@'
INTLTOOL_PONG_RULE='%.pong:      %.pong.in      $(INTLTOOL_MERGE) $(wildcard $(top_srcdir)/po/*.po) ; LC_ALL=C $(INTLTOOL_MERGE) -x -u -c $(top_builddir)/po/.intltool-merge-cache $(top_srcdir)/po $< $@'
INTLTOOL_PROP_RULE='%.prop:      %.prop.in      $(INTLTOOL_MERGE) $(wildcard $(top_srcdir)/po/*.po) ; LC_ALL=C $(INTLTOOL_MERGE) -d -u -c $(top_builddir)/po/.intltool-merge-cache $(top_srcdir)/po $< $@'
INTLTOOL_SCHEMAS_RULE='%.schemas:   %.schemas.in   $(INTLTOOL_MERGE) $(wildcard $(top_srcdir)/po/*.po) ; LC_ALL=C $(INTLTOOL_MERGE) -s -u -c $(top_builddir)/po/.intltool-merge-cache $(top_srcdir)/po $< $@'
INTLTOOL_SERVER_RULE='%.server:    %.server.in    $(INTLTOOL_MERGE) $(wildcard $(top_srcdir)/po/*.po) ; LC_ALL=C $(INTLTOOL_MERGE) -o -u -c $(top_builddir)/po/.intltool-merge-cache $(top_srcdir)/po $< $@'
INTLTOOL_SERVICE_RULE='%.service: %.service.in   $(INTLTOOL_MERGE) $(wildcard $(top_srcdir)/po/*.po) ; LC_ALL=C $(INTLTOOL_MERGE) -d -u -c $(top_builddir)/po/.intltool-merge-cache $(top_srcdir)/po $< $@'
INTLTOOL_SHEET_RULE='%.sheet:     %.sheet.in     $(INTLTOOL_MERGE) $(wildcard $(top_srcdir)/po/*.po) ; LC_ALL=C $(INTLTOOL_MERGE) -x -u -c $(top_builddir)/po/.intltool-merge-cache $(top_srcdir)/po $< $@'
INTLTOOL_SOUNDLIST_RULE='%.soundlist: %.soundlist.in $(INTLTOOL_MERGE) $(wildcard $(top_srcdir)/po/*.po) ; LC_ALL=C $(INTLTOOL_MERGE) -d -u -c $(top_builddir)/po/.intltool-merge-cache $(top_srcdir)/po $< $@'
INTLTOOL_THEME_RULE='%.theme:     %.theme.in     $(INTLTOOL_MERGE) $(wildcard $(top_srcdir)/po/*.po) ; LC_ALL=C $(INTLTOOL_MERGE) -d -u -c $(top_builddir)/po/.intltool-merge-cache $(top_srcdir)/po $< $@'
INTLTOOL_UI_RULE='%.ui:        %.ui.in        $(INTLTOOL_MERGE) $(wildcard $(top_srcdir)/po/*.po) ; LC_ALL=C $(INTLTOOL_MERGE) -x -u -c $(top_builddir)/po/.intltool-merge-cache $(top_srcdir)/po $< $@'
INTLTOOL_UPDATE='$(top_builddir)/intltool-update'
INTLTOOL_XAM_RULE='%.xam:       %.xml.in       $(INTLTOOL_MERGE) $(wildcard $(top_srcdir)/po/*.po) ; LC_ALL=C $(INTLTOOL_MERGE) -x -u -c $(top_builddir)/po/.intltool-merge-cache $(top_srcdir)/po $< $@'
INTLTOOL_XML_NOMERGE_RULE='%.xml:       %.xml.in       $(INTLTOOL_MERGE) ; LC_ALL=C $(INTLTOOL_MERGE) -x -u /tmp $< $@'
INTLTOOL_XML_RULE='%.xml:       %.xml.in       $(INTLTOOL_MERGE) $(wildcard $(top_srcdir)/po/*.po) ; LC_ALL=C $(INTLTOOL_MERGE) -x -u -c $(top_builddir)/po/.intltool-merge-cache $(top_srcdir)/po $< $@'
LDFLAGS=''
LIBDIR='/usr/local/lib'
LIBEXECDIR='/usr/local/libexec'
LIBOBJS=''
LIBS=''
LIBTOOL='$(SHELL) $(top_builddir)/libtool'
LN_S='ln -s'
LTLIBOBJS=''
MAINT=''
MAINTAINER_MODE_FALSE='#'
MAINTAINER_MODE_TRUE=''
MAKEINFO='${SHELL} /home/kremso/awn-dev/awn-extras/trunk/awn-applets/awn-extras-applets/missing --run makeinfo'
MKINSTALLDIRS='./mkinstalldirs'
MSGFMT='/usr/bin/msgfmt'
MSGFMT_OPTS='-c'
OBJEXT='o'
PACKAGE='awn-extras-applets'
PACKAGE_BUGREPORT=''
PACKAGE_NAME='awn-extras-applets'
PACKAGE_STRING='awn-extras-applets 0.2.1'
PACKAGE_TARNAME='awn-extras-applets'
PACKAGE_VERSION='0.2.1'
PATH_SEPARATOR=':'
PKG_CONFIG='/usr/bin/pkg-config'
POFILES=''
POSUB='po'
PO_IN_DATADIR_FALSE=''
PO_IN_DATADIR_TRUE=''
RANLIB='ranlib'
SED='/bin/sed'
SET_MAKE=''
SHELL='/bin/bash'
STRIP='strip'
SYSCONFDIR='/usr/local/etc'
USE_NLS='yes'
VERSION='0.2.1'
XGETTEXT='/usr/bin/xgettext'
ac_ct_CC='gcc'
ac_ct_CXX='g++'
ac_ct_F77=''
am__fastdepCC_FALSE='#'
am__fastdepCC_TRUE=''
am__fastdepCXX_FALSE='#'
am__fastdepCXX_TRUE=''
am__include='include'
am__leading_dot='.'
am__quote=''
am__tar='${AMTAR} chof - "$$tardir"'
am__untar='${AMTAR} xf -'
bindir='${exec_prefix}/bin'
build='i686-pc-linux-gnu'
build_alias=''
build_cpu='i686'
build_os='linux-gnu'
build_vendor='pc'
datadir='${datarootdir}'
datarootdir='${prefix}/share'
docdir='${datarootdir}/doc/${PACKAGE_TARNAME}'
dvidir='${docdir}'
exec_prefix='${prefix}'
host='i686-pc-linux-gnu'
host_alias=''
host_cpu='i686'
host_os='linux-gnu'
host_vendor='pc'
htmldir='${docdir}'
includedir='${prefix}/include'
infodir='${datarootdir}/info'
install_sh='/home/kremso/awn-dev/awn-extras/trunk/awn-applets/awn-extras-applets/install-sh'
libdir='${exec_prefix}/lib'
libexecdir='${exec_prefix}/libexec'
localedir='${datarootdir}/locale'
localstatedir='${prefix}/var'
mandir='${datarootdir}/man'
mkdir_p='mkdir -p --'
oldincludedir='/usr/include'
pdfdir='${docdir}'
prefix='/usr/local'
program_transform_name='s,x,x,'
psdir='${docdir}'
sbindir='${exec_prefix}/sbin'
sharedstatedir='${prefix}/com'
slicelocaledir='${prefix}/${DATADIRNAME}/locale'
sysconfdir='${prefix}/etc'
target_alias=''

## ----------- ##
## confdefs.h. ##
## ----------- ##

#define PACKAGE_NAME "awn-extras-applets"
#define PACKAGE_TARNAME "awn-extras-applets"
#define PACKAGE_VERSION "0.2.1"
#define PACKAGE_STRING "awn-extras-applets 0.2.1"
#define PACKAGE_BUGREPORT ""
#define PACKAGE "awn-extras-applets"
#define VERSION "0.2.1"
#define STDC_HEADERS 1
#define HAVE_SYS_TYPES_H 1
#define HAVE_SYS_STAT_H 1
#define HAVE_STDLIB_H 1
#define HAVE_STRING_H 1
#define HAVE_MEMORY_H 1
#define HAVE_STRINGS_H 1
#define HAVE_INTTYPES_H 1
#define HAVE_STDINT_H 1
#define HAVE_UNISTD_H 1
#define HAVE_DLFCN_H 1
#define GETTEXT_PACKAGE "awn-extras-applets"
#define HAVE_LOCALE_H 1
#define HAVE_LC_MESSAGES 1
#define HAVE_BIND_TEXTDOMAIN_CODESET 1
#define HAVE_GETTEXT 1
#define HAVE_DCGETTEXT 1
#define ENABLE_NLS 1
#define DBUS_MAJOR_VER 1
#define DBUS_MINOR_VER 1
#define DBUS_MICRO_VER 1
#define DBUS_API_SUBJECT_TO_CHANGE

configure: exit 0
