This file contains any messages produced by compilers while
running configure, to aid debugging if configure makes a mistake.

It was created by affinity configure 0.1, which was
generated by GNU Autoconf 2.61.  Invocation command line was

  $ ./configure --enable-maintainer-mode

## --------- ##
## Platform. ##
## --------- ##

hostname = pumba.student.utwente.nl
uname -m = x86_64
uname -r = 2.6.22-14-generic
uname -s = Linux
uname -v = #1 SMP Tue Dec 18 05:28:27 UTC 2007

/usr/bin/uname -p = unknown
/bin/uname -X     = unknown

/bin/arch              = unknown
/usr/bin/arch -k       = unknown
/usr/convex/getsysinfo = unknown
/usr/bin/hostinfo      = unknown
/bin/machine           = unknown
/usr/bin/oslevel       = unknown
/bin/universe          = unknown

PATH: /usr/local/sbin
PATH: /usr/local/bin
PATH: /usr/sbin
PATH: /usr/bin
PATH: /sbin
PATH: /bin
PATH: /usr/games


## ----------- ##
## Core tests. ##
## ----------- ##

configure:1873: checking for a BSD-compatible install
configure:1929: result: /usr/bin/install -c
configure:1940: checking whether build environment is sane
configure:1983: result: yes
configure:2011: checking for a thread-safe mkdir -p
configure:2050: result: /bin/mkdir -p
configure:2063: checking for gawk
configure:2079: found /usr/bin/gawk
configure:2090: result: gawk
configure:2101: checking whether make sets $(MAKE)
configure:2122: result: yes
configure:2313: checking whether to enable maintainer-specific portions of Makefiles
configure:2322: result: yes
configure:2348: checking for style of include used by make
configure:2376: result: GNU
configure:2446: checking for gcc
configure:2462: found /usr/bin/gcc
configure:2473: result: gcc
configure:2711: checking for C compiler version
configure:2718: gcc --version >&5
gcc (GCC) 4.1.3 20070929 (prerelease) (Ubuntu 4.1.2-16ubuntu2)
Copyright (C) 2006 Free Software Foundation, Inc.
This is free software; see the source for copying conditions.  There is NO
warranty; not even for MERCHANTABILITY or FITNESS FOR A PARTICULAR PURPOSE.

configure:2721: $? = 0
configure:2728: gcc -v >&5
Using built-in specs.
Target: x86_64-linux-gnu
Configured with: ../src/configure -v --enable-languages=c,c++,fortran,objc,obj-c++,treelang --prefix=/usr --enable-shared --with-system-zlib --libexecdir=/usr/lib --without-included-gettext --enable-threads=posix --enable-nls --with-gxx-include-dir=/usr/include/c++/4.1.3 --program-suffix=-4.1 --enable-__cxa_atexit --enable-clocale=gnu --enable-libstdcxx-debug --enable-mpfr --enable-checking=release x86_64-linux-gnu
Thread model: posix
gcc version 4.1.3 20070929 (prerelease) (Ubuntu 4.1.2-16ubuntu2)
configure:2731: $? = 0
configure:2738: gcc -V >&5
gcc: '-V' option must have argument
configure:2741: $? = 1
configure:2764: checking for C compiler default output file name
configure:2791: gcc    conftest.c  >&5
configure:2794: $? = 0
configure:2832: result: a.out
configure:2849: checking whether the C compiler works
configure:2859: ./a.out
configure:2862: $? = 0
configure:2879: result: yes
configure:2886: checking whether we are cross compiling
configure:2888: result: no
configure:2891: checking for suffix of executables
configure:2898: gcc -o conftest    conftest.c  >&5
configure:2901: $? = 0
configure:2925: result: 
configure:2931: checking for suffix of object files
configure:2957: gcc -c   conftest.c >&5
configure:2960: $? = 0
configure:2983: result: o
configure:2987: checking whether we are using the GNU C compiler
configure:3016: gcc -c   conftest.c >&5
configure:3022: $? = 0
configure:3039: result: yes
configure:3044: checking whether gcc accepts -g
configure:3074: gcc -c -g  conftest.c >&5
configure:3080: $? = 0
configure:3179: result: yes
configure:3196: checking for gcc option to accept ISO C89
configure:3270: gcc  -c -g -O2  conftest.c >&5
configure:3276: $? = 0
configure:3299: result: none needed
configure:3319: checking dependency style of gcc
configure:3410: result: gcc3
configure:3426: checking for library containing strerror
configure:3467: gcc -o conftest -g -O2   conftest.c  >&5
configure:3473: $? = 0
configure:3501: result: none required
configure:3557: checking for gcc
configure:3584: result: gcc
configure:3822: checking for C compiler version
configure:3829: gcc --version >&5
gcc (GCC) 4.1.3 20070929 (prerelease) (Ubuntu 4.1.2-16ubuntu2)
Copyright (C) 2006 Free Software Foundation, Inc.
This is free software; see the source for copying conditions.  There is NO
warranty; not even for MERCHANTABILITY or FITNESS FOR A PARTICULAR PURPOSE.

configure:3832: $? = 0
configure:3839: gcc -v >&5
Using built-in specs.
Target: x86_64-linux-gnu
Configured with: ../src/configure -v --enable-languages=c,c++,fortran,objc,obj-c++,treelang --prefix=/usr --enable-shared --with-system-zlib --libexecdir=/usr/lib --without-included-gettext --enable-threads=posix --enable-nls --with-gxx-include-dir=/usr/include/c++/4.1.3 --program-suffix=-4.1 --enable-__cxa_atexit --enable-clocale=gnu --enable-libstdcxx-debug --enable-mpfr --enable-checking=release x86_64-linux-gnu
Thread model: posix
gcc version 4.1.3 20070929 (prerelease) (Ubuntu 4.1.2-16ubuntu2)
configure:3842: $? = 0
configure:3849: gcc -V >&5
gcc: '-V' option must have argument
configure:3852: $? = 1
configure:3855: checking whether we are using the GNU C compiler
configure:3907: result: yes
configure:3912: checking whether gcc accepts -g
configure:4047: result: yes
configure:4064: checking for gcc option to accept ISO C89
configure:4167: result: none needed
configure:4187: checking dependency style of gcc
configure:4278: result: gcc3
configure:4298: checking how to run the C preprocessor
configure:4338: gcc -E  conftest.c
configure:4344: $? = 0
configure:4375: gcc -E  conftest.c
conftest.c:10:28: error: ac_nonexistent.h: No such file or directory
configure:4381: $? = 1
configure: failed program was:
| /* confdefs.h.  */
| #define PACKAGE_NAME "affinity"
| #define PACKAGE_TARNAME "affinity"
| #define PACKAGE_VERSION "0.1"
| #define PACKAGE_STRING "affinity 0.1"
| #define PACKAGE_BUGREPORT "http://code.google.com/p/affinity-search/"
| #define PACKAGE "affinity"
| #define VERSION "0.1"
| /* end confdefs.h.  */
| #include <ac_nonexistent.h>
configure:4414: result: gcc -E
configure:4443: gcc -E  conftest.c
configure:4449: $? = 0
configure:4480: gcc -E  conftest.c
conftest.c:10:28: error: ac_nonexistent.h: No such file or directory
configure:4486: $? = 1
configure: failed program was:
| /* confdefs.h.  */
| #define PACKAGE_NAME "affinity"
| #define PACKAGE_TARNAME "affinity"
| #define PACKAGE_VERSION "0.1"
| #define PACKAGE_STRING "affinity 0.1"
| #define PACKAGE_BUGREPORT "http://code.google.com/p/affinity-search/"
| #define PACKAGE "affinity"
| #define VERSION "0.1"
| /* end confdefs.h.  */
| #include <ac_nonexistent.h>
configure:4524: checking for grep that handles long lines and -e
configure:4598: result: /bin/grep
configure:4603: checking for egrep
configure:4681: result: /bin/grep -E
configure:4686: checking for ANSI C header files
configure:4716: gcc -c -g -O2  conftest.c >&5
configure:4722: $? = 0
configure:4821: gcc -o conftest -g -O2   conftest.c  >&5
configure:4824: $? = 0
configure:4830: ./conftest
configure:4833: $? = 0
configure:4850: result: yes
configure:4910: checking for pkg-config
configure:4928: found /usr/bin/pkg-config
configure:4940: result: /usr/bin/pkg-config
configure:4969: checking pkg-config is at least version 0.9.0
configure:4972: result: yes
configure:4983: checking for DEPS
configure:4991: $PKG_CONFIG --exists --print-errors "gnome-vfs-2.0 gtk+-2.0 libgnome-2.0 gnome-vfs-2.0 gconf-2.0 x11 xproto gnome-desktop-2.0 awn"
configure:4994: $? = 0
configure:5009: $PKG_CONFIG --exists --print-errors "gnome-vfs-2.0 gtk+-2.0 libgnome-2.0 gnome-vfs-2.0 gconf-2.0 x11 xproto gnome-desktop-2.0 awn"
configure:5012: $? = 0
configure:5088: result: yes
configure:5125: checking for intltool >= 0.34
configure:5132: result: 0.36.2 found
configure:5190: checking for perl
configure:5208: found /usr/bin/perl
configure:5220: result: /usr/bin/perl
configure:5239: checking for XML::Parser
configure:5242: result: ok
configure:5279: gcc -o conftest -g -O2   conftest.c  >&5
configure:5285: $? = 0
configure:5419: checking for sys/types.h
configure:5440: gcc -c -g -O2  conftest.c >&5
configure:5446: $? = 0
configure:5462: result: yes
configure:5419: checking for sys/stat.h
configure:5440: gcc -c -g -O2  conftest.c >&5
configure:5446: $? = 0
configure:5462: result: yes
configure:5419: checking for stdlib.h
configure:5440: gcc -c -g -O2  conftest.c >&5
configure:5446: $? = 0
configure:5462: result: yes
configure:5419: checking for string.h
configure:5440: gcc -c -g -O2  conftest.c >&5
configure:5446: $? = 0
configure:5462: result: yes
configure:5419: checking for memory.h
configure:5440: gcc -c -g -O2  conftest.c >&5
configure:5446: $? = 0
configure:5462: result: yes
configure:5419: checking for strings.h
configure:5440: gcc -c -g -O2  conftest.c >&5
configure:5446: $? = 0
configure:5462: result: yes
configure:5419: checking for inttypes.h
configure:5440: gcc -c -g -O2  conftest.c >&5
configure:5446: $? = 0
configure:5462: result: yes
configure:5419: checking for stdint.h
configure:5440: gcc -c -g -O2  conftest.c >&5
configure:5446: $? = 0
configure:5462: result: yes
configure:5419: checking for unistd.h
configure:5440: gcc -c -g -O2  conftest.c >&5
configure:5446: $? = 0
configure:5462: result: yes
configure:5480: checking build system type
configure:5498: result: x86_64-unknown-linux-gnu
configure:5520: checking host system type
configure:5535: result: x86_64-unknown-linux-gnu
configure:5573: checking locale.h usability
configure:5590: gcc -c -g -O2  conftest.c >&5
configure:5596: $? = 0
configure:5610: result: yes
configure:5614: checking locale.h presence
configure:5629: gcc -E  conftest.c
configure:5635: $? = 0
configure:5649: result: yes
configure:5682: checking for locale.h
configure:5690: result: yes
configure:5704: checking for LC_MESSAGES
configure:5730: gcc -o conftest -g -O2   conftest.c  >&5
configure:5736: $? = 0
configure:5753: result: yes
configure:5782: checking libintl.h usability
configure:5799: gcc -c -g -O2  conftest.c >&5
configure:5805: $? = 0
configure:5819: result: yes
configure:5823: checking libintl.h presence
configure:5838: gcc -E  conftest.c
configure:5844: $? = 0
configure:5858: result: yes
configure:5891: checking for libintl.h
configure:5898: result: yes
configure:5909: checking for ngettext in libc
configure:5937: gcc -o conftest -g -O2   conftest.c  >&5
configure:5943: $? = 0
configure:5961: result: yes
configure:5965: checking for dgettext in libc
configure:5993: gcc -o conftest -g -O2   conftest.c  >&5
configure:5999: $? = 0
configure:6017: result: yes
configure:6026: checking for bind_textdomain_codeset
configure:6082: gcc -o conftest -g -O2   conftest.c  >&5
configure:6088: $? = 0
configure:6106: result: yes
configure:6593: checking for msgfmt
configure:6620: result: /usr/bin/msgfmt
configure:6633: checking for dcgettext
configure:6689: gcc -o conftest -g -O2   conftest.c   >&5
conftest.c:48: warning: conflicting types for built-in function 'dcgettext'
configure:6695: $? = 0
configure:6713: result: yes
configure:6724: checking if msgfmt accepts -c
configure:6739: $MSGFMT -c -o /dev/null conftest.foo
configure:6742: $? = 0
configure:6744: result: yes
configure:6754: checking for gmsgfmt
configure:6785: result: /usr/bin/msgfmt
configure:6795: checking for xgettext
configure:6822: result: /usr/bin/xgettext
configure:6851: gcc -o conftest -g -O2   conftest.c   >&5
configure:6857: $? = 0
configure:7104: checking for APPLET
configure:7112: $PKG_CONFIG --exists --print-errors "libpanelapplet-2.0"
configure:7115: $? = 0
configure:7130: $PKG_CONFIG --exists --print-errors "libpanelapplet-2.0"
configure:7133: $? = 0
configure:7183: result: yes
configure:7226: checking for TRACKER
configure:7234: $PKG_CONFIG --exists --print-errors "tracker >= 0.0.1"
configure:7237: $? = 0
configure:7252: $PKG_CONFIG --exists --print-errors "tracker >= 0.0.1"
configure:7255: $? = 0
configure:7305: result: yes
configure:7349: checking for BEAGLE
configure:7357: $PKG_CONFIG --exists --print-errors "libbeagle-0.0 >= 0.0.12"
configure:7360: $? = 0
configure:7375: $PKG_CONFIG --exists --print-errors "libbeagle-0.0 >= 0.0.12"
configure:7378: $? = 0
configure:7428: result: yes
configure:7670: creating ./config.status

## ---------------------- ##
## Running config.status. ##
## ---------------------- ##

This file was extended by affinity config.status 0.1, which was
generated by GNU Autoconf 2.61.  Invocation command line was

  CONFIG_FILES    = 
  CONFIG_HEADERS  = 
  CONFIG_LINKS    = 
  CONFIG_COMMANDS = 
  $ ./config.status 

on pumba.student.utwente.nl

config.status:724: creating Makefile
config.status:724: creating affinity-preferences/Makefile
config.status:724: creating data/Makefile
config.status:724: creating data/16x16/Makefile
config.status:724: creating data/22x22/Makefile
config.status:724: creating data/24x24/Makefile
config.status:724: creating data/48x48/Makefile
config.status:724: creating data/scalable/Makefile
config.status:724: creating data/actions/Makefile
config.status:724: creating src/Makefile
config.status:724: creating po/Makefile.in
config.status:724: creating config.h
config.status:960: config.h is unchanged
config.status:1006: executing depfiles commands
config.status:1006: executing intltool commands
config.status:1006: executing default-1 commands
config.status:1006: executing po/stamp-it commands

## ---------------- ##
## Cache variables. ##
## ---------------- ##

ac_cv_build=x86_64-unknown-linux-gnu
ac_cv_c_compiler_gnu=yes
ac_cv_env_APPLET_CFLAGS_set=
ac_cv_env_APPLET_CFLAGS_value=
ac_cv_env_APPLET_LIBS_set=
ac_cv_env_APPLET_LIBS_value=
ac_cv_env_BEAGLE_CFLAGS_set=
ac_cv_env_BEAGLE_CFLAGS_value=
ac_cv_env_BEAGLE_LIBS_set=
ac_cv_env_BEAGLE_LIBS_value=
ac_cv_env_CC_set=
ac_cv_env_CC_value=
ac_cv_env_CFLAGS_set=
ac_cv_env_CFLAGS_value=
ac_cv_env_CPPFLAGS_set=
ac_cv_env_CPPFLAGS_value=
ac_cv_env_CPP_set=
ac_cv_env_CPP_value=
ac_cv_env_DEPS_CFLAGS_set=
ac_cv_env_DEPS_CFLAGS_value=
ac_cv_env_DEPS_LIBS_set=
ac_cv_env_DEPS_LIBS_value=
ac_cv_env_LDFLAGS_set=
ac_cv_env_LDFLAGS_value=
ac_cv_env_LIBS_set=
ac_cv_env_LIBS_value=
ac_cv_env_PKG_CONFIG_set=
ac_cv_env_PKG_CONFIG_value=
ac_cv_env_TRACKER_CFLAGS_set=
ac_cv_env_TRACKER_CFLAGS_value=
ac_cv_env_TRACKER_LIBS_set=
ac_cv_env_TRACKER_LIBS_value=
ac_cv_env_build_alias_set=
ac_cv_env_build_alias_value=
ac_cv_env_host_alias_set=
ac_cv_env_host_alias_value=
ac_cv_env_target_alias_set=
ac_cv_env_target_alias_value=
ac_cv_func_bind_textdomain_codeset=yes
ac_cv_func_dcgettext=yes
ac_cv_header_inttypes_h=yes
ac_cv_header_libintl_h=yes
ac_cv_header_locale_h=yes
ac_cv_header_memory_h=yes
ac_cv_header_stdc=yes
ac_cv_header_stdint_h=yes
ac_cv_header_stdlib_h=yes
ac_cv_header_string_h=yes
ac_cv_header_strings_h=yes
ac_cv_header_sys_stat_h=yes
ac_cv_header_sys_types_h=yes
ac_cv_header_unistd_h=yes
ac_cv_host=x86_64-unknown-linux-gnu
ac_cv_objext=o
ac_cv_path_EGREP='/bin/grep -E'
ac_cv_path_GMSGFMT=/usr/bin/msgfmt
ac_cv_path_GREP=/bin/grep
ac_cv_path_INTLTOOL_PERL=/usr/bin/perl
ac_cv_path_MSGFMT=/usr/bin/msgfmt
ac_cv_path_XGETTEXT=/usr/bin/xgettext
ac_cv_path_ac_pt_PKG_CONFIG=/usr/bin/pkg-config
ac_cv_path_install='/usr/bin/install -c'
ac_cv_path_mkdir=/bin/mkdir
ac_cv_prog_AWK=gawk
ac_cv_prog_CPP='gcc -E'
ac_cv_prog_ac_ct_CC=gcc
ac_cv_prog_cc_c89=
ac_cv_prog_cc_g=yes
ac_cv_prog_make_make_set=yes
ac_cv_search_strerror='none required'
am_cv_CC_dependencies_compiler_type=gcc3
am_cv_val_LC_MESSAGES=yes
gt_cv_func_dgettext_libc=yes
gt_cv_func_dgettext_libintl=no
gt_cv_func_ngettext_libc=yes
gt_cv_have_gettext=yes
pkg_cv_APPLET_CFLAGS='-DPNG_NO_MMX_CODE -DORBIT2=1 -pthread -I/usr/include/panel-2.0 -I/usr/include/gtk-2.0 -I/usr/include/libgnomeui-2.0 -I/usr/include/libbonoboui-2.0 -I/usr/lib/gtk-2.0/include -I/usr/include/atk-1.0 -I/usr/include/cairo -I/usr/include/pango-1.0 -I/usr/include/glib-2.0 -I/usr/lib/glib-2.0/include -I/usr/include/freetype2 -I/usr/include/libpng12 -I/usr/include/libart-2.0 -I/usr/include/gconf/2 -I/usr/include/gnome-keyring-1 -I/usr/include/libgnome-2.0 -I/usr/include/libgnomecanvas-2.0 -I/usr/include/gnome-vfs-2.0 -I/usr/lib/gnome-vfs-2.0/include -I/usr/include/orbit-2.0 -I/usr/include/libbonobo-2.0 -I/usr/include/bonobo-activation-2.0 -I/usr/include/libxml2 -I/usr/include/gail-1.0  '
pkg_cv_APPLET_LIBS='-pthread -lpanel-applet-2 -lgnomeui-2 -lSM -lICE -lbonoboui-2 -lgnomevfs-2 -lgconf-2 -lgnomecanvas-2 -lgnome-2 -lpopt -lart_lgpl_2 -lgtk-x11-2.0 -lgdk-x11-2.0 -latk-1.0 -lgdk_pixbuf-2.0 -lm -lpangocairo-1.0 -lfontconfig -lXext -lXrender -lXinerama -lXi -lXrandr -lXcursor -lXcomposite -lXdamage -lpango-1.0 -lcairo -lX11 -lXfixes -lbonobo-2 -lbonobo-activation -lgmodule-2.0 -ldl -lORBit-2 -lgthread-2.0 -lrt -lgobject-2.0 -lglib-2.0  '
pkg_cv_BEAGLE_CFLAGS='-I/usr/include/libbeagle -I/usr/include/libxml2 -I/usr/include/glib-2.0 -I/usr/lib/glib-2.0/include  '
pkg_cv_BEAGLE_LIBS='-lbeagle -lxml2 -lgobject-2.0 -lglib-2.0  '
pkg_cv_DEPS_CFLAGS='-pthread -DORBIT2=1 -DPNG_NO_MMX_CODE -I/usr/local/include -I/usr/include/gnome-vfs-2.0 -I/usr/lib/gnome-vfs-2.0/include -I/usr/include/gconf/2 -I/usr/include/orbit-2.0 -I/usr/include/glib-2.0 -I/usr/lib/glib-2.0/include -I/usr/include/gtk-2.0 -I/usr/lib/gtk-2.0/include -I/usr/include/atk-1.0 -I/usr/include/cairo -I/usr/include/pango-1.0 -I/usr/include/freetype2 -I/usr/include/libpng12 -I/usr/include/libgnome-2.0 -I/usr/include/libbonobo-2.0 -I/usr/include/bonobo-activation-2.0 -I/usr/include/gnome-desktop-2.0 -I/usr/include/libgnomeui-2.0 -I/usr/include/startup-notification-1.0 -I/usr/include/libart-2.0 -I/usr/include/gnome-keyring-1 -I/usr/include/libbonoboui-2.0 -I/usr/include/libgnomecanvas-2.0 -I/usr/include/libxml2 -I/usr/include/gail-1.0  '
pkg_cv_DEPS_LIBS='-pthread -L/usr/local/lib -lgnome-desktop-2 -lgnomeui-2 -lSM -lICE -lstartup-notification-1 -lbonoboui-2 -lgnomecanvas-2 -lart_lgpl_2 -lawn -lgtk-x11-2.0 -lgnome-2 -lpopt -lgnomevfs-2 -lgdk-x11-2.0 -latk-1.0 -lgdk_pixbuf-2.0 -lm -lpangocairo-1.0 -lfontconfig -lXext -lXrender -lXinerama -lXi -lXrandr -lXcursor -lXcomposite -lXdamage -lpango-1.0 -lcairo -lX11 -lXfixes -lbonobo-2 -lbonobo-activation -lgconf-2 -lgmodule-2.0 -ldl -lORBit-2 -lgthread-2.0 -lrt -lgobject-2.0 -lglib-2.0  '
pkg_cv_TRACKER_CFLAGS='-DDBUS_API_SUBJECT_TO_CHANGE -I/usr/include/glib-2.0 -I/usr/lib/glib-2.0/include -I/usr/include/dbus-1.0 -I/usr/lib/dbus-1.0/include  '
pkg_cv_TRACKER_LIBS='-ltrackerclient -ldbus-glib-1 -ldbus-1 -lgobject-2.0 -lglib-2.0  '

## ----------------- ##
## Output variables. ##
## ----------------- ##

ACLOCAL='${SHELL} /home/timon/System/awn-extras/awn-applets/awn-extras-applets/src/affinity/missing --run aclocal-1.10'
ALL_LINGUAS=''
AMDEPBACKSLASH='\'
AMDEP_FALSE='#'
AMDEP_TRUE=''
AMTAR='${SHELL} /home/timon/System/awn-extras/awn-applets/awn-extras-applets/src/affinity/missing --run tar'
APPLET_CFLAGS='-DPNG_NO_MMX_CODE -DORBIT2=1 -pthread -I/usr/include/panel-2.0 -I/usr/include/gtk-2.0 -I/usr/include/libgnomeui-2.0 -I/usr/include/libbonoboui-2.0 -I/usr/lib/gtk-2.0/include -I/usr/include/atk-1.0 -I/usr/include/cairo -I/usr/include/pango-1.0 -I/usr/include/glib-2.0 -I/usr/lib/glib-2.0/include -I/usr/include/freetype2 -I/usr/include/libpng12 -I/usr/include/libart-2.0 -I/usr/include/gconf/2 -I/usr/include/gnome-keyring-1 -I/usr/include/libgnome-2.0 -I/usr/include/libgnomecanvas-2.0 -I/usr/include/gnome-vfs-2.0 -I/usr/lib/gnome-vfs-2.0/include -I/usr/include/orbit-2.0 -I/usr/include/libbonobo-2.0 -I/usr/include/bonobo-activation-2.0 -I/usr/include/libxml2 -I/usr/include/gail-1.0  '
APPLET_LIBS='-pthread -lpanel-applet-2 -lgnomeui-2 -lSM -lICE -lbonoboui-2 -lgnomevfs-2 -lgconf-2 -lgnomecanvas-2 -lgnome-2 -lpopt -lart_lgpl_2 -lgtk-x11-2.0 -lgdk-x11-2.0 -latk-1.0 -lgdk_pixbuf-2.0 -lm -lpangocairo-1.0 -lfontconfig -lXext -lXrender -lXinerama -lXi -lXrandr -lXcursor -lXcomposite -lXdamage -lpango-1.0 -lcairo -lX11 -lXfixes -lbonobo-2 -lbonobo-activation -lgmodule-2.0 -ldl -lORBit-2 -lgthread-2.0 -lrt -lgobject-2.0 -lglib-2.0  '
AUTOCONF='${SHELL} /home/timon/System/awn-extras/awn-applets/awn-extras-applets/src/affinity/missing --run autoconf'
AUTOHEADER='${SHELL} /home/timon/System/awn-extras/awn-applets/awn-extras-applets/src/affinity/missing --run autoheader'
AUTOMAKE='${SHELL} /home/timon/System/awn-extras/awn-applets/awn-extras-applets/src/affinity/missing --run automake-1.10'
AWK='gawk'
BEAGLE_CFLAGS='-I/usr/include/libbeagle -I/usr/include/libxml2 -I/usr/include/glib-2.0 -I/usr/lib/glib-2.0/include  '
BEAGLE_LIBS='-lbeagle -lxml2 -lgobject-2.0 -lglib-2.0  '
CATALOGS=''
CATOBJEXT='.gmo'
CC='gcc'
CCDEPMODE='depmode=gcc3'
CFLAGS='-g -O2'
CONFIG_STATUS_DEPENDENCIES='$(top_srcdir)/po/LINGUAS'
CPP='gcc -E'
CPPFLAGS=''
CYGPATH_W='echo'
DATADIRNAME='share'
DEFS='-DHAVE_CONFIG_H'
DEPDIR='.deps'
DEPS_CFLAGS='-pthread -DORBIT2=1 -DPNG_NO_MMX_CODE -I/usr/local/include -I/usr/include/gnome-vfs-2.0 -I/usr/lib/gnome-vfs-2.0/include -I/usr/include/gconf/2 -I/usr/include/orbit-2.0 -I/usr/include/glib-2.0 -I/usr/lib/glib-2.0/include -I/usr/include/gtk-2.0 -I/usr/lib/gtk-2.0/include -I/usr/include/atk-1.0 -I/usr/include/cairo -I/usr/include/pango-1.0 -I/usr/include/freetype2 -I/usr/include/libpng12 -I/usr/include/libgnome-2.0 -I/usr/include/libbonobo-2.0 -I/usr/include/bonobo-activation-2.0 -I/usr/include/gnome-desktop-2.0 -I/usr/include/libgnomeui-2.0 -I/usr/include/startup-notification-1.0 -I/usr/include/libart-2.0 -I/usr/include/gnome-keyring-1 -I/usr/include/libbonoboui-2.0 -I/usr/include/libgnomecanvas-2.0 -I/usr/include/libxml2 -I/usr/include/gail-1.0  '
DEPS_LIBS='-pthread -L/usr/local/lib -lgnome-desktop-2 -lgnomeui-2 -lSM -lICE -lstartup-notification-1 -lbonoboui-2 -lgnomecanvas-2 -lart_lgpl_2 -lawn -lgtk-x11-2.0 -lgnome-2 -lpopt -lgnomevfs-2 -lgdk-x11-2.0 -latk-1.0 -lgdk_pixbuf-2.0 -lm -lpangocairo-1.0 -lfontconfig -lXext -lXrender -lXinerama -lXi -lXrandr -lXcursor -lXcomposite -lXdamage -lpango-1.0 -lcairo -lX11 -lXfixes -lbonobo-2 -lbonobo-activation -lgconf-2 -lgmodule-2.0 -ldl -lORBit-2 -lgthread-2.0 -lrt -lgobject-2.0 -lglib-2.0  '
ECHO_C=''
ECHO_N='-n'
ECHO_T=''
EGREP='/bin/grep -E'
EXEEXT=''
GCC_FLAGS='-g -Wall'
GETTEXT_PACKAGE='affinity'
GMOFILES=''
GMSGFMT='/usr/bin/msgfmt'
GREP='/bin/grep'
HAVE_APPLET_FALSE='#'
HAVE_APPLET_TRUE=''
HAVE_BEAGLE_FALSE='#'
HAVE_BEAGLE_TRUE=''
HAVE_TRACKER_FALSE='#'
HAVE_TRACKER_TRUE=''
INSTALL_DATA='${INSTALL} -m 644'
INSTALL_PROGRAM='${INSTALL}'
INSTALL_SCRIPT='${INSTALL}'
INSTALL_STRIP_PROGRAM='$(install_sh) -c -s'
INSTOBJEXT='.mo'
INTLLIBS=''
INTLTOOL_CAVES_RULE='%.caves:     %.caves.in     $(INTLTOOL_MERGE) $(wildcard $(top_srcdir)/po/*.po) ; LC_ALL=C $(INTLTOOL_MERGE) -d -u -c $(top_builddir)/po/.intltool-merge-cache $(top_srcdir)/po $< $@'
INTLTOOL_DESKTOP_RULE='%.desktop:   %.desktop.in   $(INTLTOOL_MERGE) $(wildcard $(top_srcdir)/po/*.po) ; LC_ALL=C $(INTLTOOL_MERGE) -d -u -c $(top_builddir)/po/.intltool-merge-cache $(top_srcdir)/po $< $@'
INTLTOOL_DIRECTORY_RULE='%.directory: %.directory.in $(INTLTOOL_MERGE) $(wildcard $(top_srcdir)/po/*.po) ; LC_ALL=C $(INTLTOOL_MERGE) -d -u -c $(top_builddir)/po/.intltool-merge-cache $(top_srcdir)/po $< $@'
INTLTOOL_EXTRACT='$(top_builddir)/intltool-extract'
INTLTOOL_KBD_RULE='%.kbd:       %.kbd.in       $(INTLTOOL_MERGE) $(wildcard $(top_srcdir)/po/*.po) ; LC_ALL=C $(INTLTOOL_MERGE) -x -u -m -c $(top_builddir)/po/.intltool-merge-cache $(top_srcdir)/po $< $@'
INTLTOOL_KEYS_RULE='%.keys:      %.keys.in      $(INTLTOOL_MERGE) $(wildcard $(top_srcdir)/po/*.po) ; LC_ALL=C $(INTLTOOL_MERGE) -k -u -c $(top_builddir)/po/.intltool-merge-cache $(top_srcdir)/po $< $@'
INTLTOOL_MERGE='$(top_builddir)/intltool-merge'
INTLTOOL_OAF_RULE='%.oaf:       %.oaf.in       $(INTLTOOL_MERGE) $(wildcard $(top_srcdir)/po/*.po) ; LC_ALL=C $(INTLTOOL_MERGE) -o -p $(top_srcdir)/po $< $@'
INTLTOOL_PERL='/usr/bin/perl'
INTLTOOL_POLICY_RULE='%.policy:    %.policy.in    $(INTLTOOL_MERGE) $(wildcard $(top_srcdir)/po/*.po) ; LC_ALL=C $(INTLTOOL_MERGE) -x -u -c $(top_builddir)/po/.intltool-merge-cache $(top_srcdir)/po $< $@'
INTLTOOL_PONG_RULE='%.pong:      %.pong.in      $(INTLTOOL_MERGE) $(wildcard $(top_srcdir)/po/*.po) ; LC_ALL=C $(INTLTOOL_MERGE) -x -u -c $(top_builddir)/po/.intltool-merge-cache $(top_srcdir)/po $< $@'
INTLTOOL_PROP_RULE='%.prop:      %.prop.in      $(INTLTOOL_MERGE) $(wildcard $(top_srcdir)/po/*.po) ; LC_ALL=C $(INTLTOOL_MERGE) -d -u -c $(top_builddir)/po/.intltool-merge-cache $(top_srcdir)/po $< $@'
INTLTOOL_SCHEMAS_RULE='%.schemas:   %.schemas.in   $(INTLTOOL_MERGE) $(wildcard $(top_srcdir)/po/*.po) ; LC_ALL=C $(INTLTOOL_MERGE) -s -u -c $(top_builddir)/po/.intltool-merge-cache $(top_srcdir)/po $< $@'
INTLTOOL_SERVER_RULE='%.server:    %.server.in    $(INTLTOOL_MERGE) $(wildcard $(top_srcdir)/po/*.po) ; LC_ALL=C $(INTLTOOL_MERGE) -o -u -c $(top_builddir)/po/.intltool-merge-cache $(top_srcdir)/po $< $@'
INTLTOOL_SERVICE_RULE='%.service: %.service.in   $(INTLTOOL_MERGE) $(wildcard $(top_srcdir)/po/*.po) ; LC_ALL=C $(INTLTOOL_MERGE) -d -u -c $(top_builddir)/po/.intltool-merge-cache $(top_srcdir)/po $< $@'
INTLTOOL_SHEET_RULE='%.sheet:     %.sheet.in     $(INTLTOOL_MERGE) $(wildcard $(top_srcdir)/po/*.po) ; LC_ALL=C $(INTLTOOL_MERGE) -x -u -c $(top_builddir)/po/.intltool-merge-cache $(top_srcdir)/po $< $@'
INTLTOOL_SOUNDLIST_RULE='%.soundlist: %.soundlist.in $(INTLTOOL_MERGE) $(wildcard $(top_srcdir)/po/*.po) ; LC_ALL=C $(INTLTOOL_MERGE) -d -u -c $(top_builddir)/po/.intltool-merge-cache $(top_srcdir)/po $< $@'
INTLTOOL_THEME_RULE='%.theme:     %.theme.in     $(INTLTOOL_MERGE) $(wildcard $(top_srcdir)/po/*.po) ; LC_ALL=C $(INTLTOOL_MERGE) -d -u -c $(top_builddir)/po/.intltool-merge-cache $(top_srcdir)/po $< $@'
INTLTOOL_UI_RULE='%.ui:        %.ui.in        $(INTLTOOL_MERGE) $(wildcard $(top_srcdir)/po/*.po) ; LC_ALL=C $(INTLTOOL_MERGE) -x -u -c $(top_builddir)/po/.intltool-merge-cache $(top_srcdir)/po $< $@'
INTLTOOL_UPDATE='$(top_builddir)/intltool-update'
INTLTOOL_XAM_RULE='%.xam:       %.xml.in       $(INTLTOOL_MERGE) $(wildcard $(top_srcdir)/po/*.po) ; LC_ALL=C $(INTLTOOL_MERGE) -x -u -c $(top_builddir)/po/.intltool-merge-cache $(top_srcdir)/po $< $@'
INTLTOOL_XML_NOMERGE_RULE='%.xml:       %.xml.in       $(INTLTOOL_MERGE) ; LC_ALL=C $(INTLTOOL_MERGE) -x -u /tmp $< $@'
INTLTOOL_XML_RULE='%.xml:       %.xml.in       $(INTLTOOL_MERGE) $(wildcard $(top_srcdir)/po/*.po) ; LC_ALL=C $(INTLTOOL_MERGE) -x -u -c $(top_builddir)/po/.intltool-merge-cache $(top_srcdir)/po $< $@'
LDFLAGS=''
LIBOBJS=''
LIBS=''
LTLIBOBJS=''
MAINT=''
MAINTAINER_MODE_FALSE='#'
MAINTAINER_MODE_TRUE=''
MAKEINFO='${SHELL} /home/timon/System/awn-extras/awn-applets/awn-extras-applets/src/affinity/missing --run makeinfo'
MKINSTALLDIRS='./mkinstalldirs'
MSGFMT='/usr/bin/msgfmt'
MSGFMT_OPTS='-c'
OBJEXT='o'
PACKAGE='affinity'
PACKAGE_BUGREPORT='http://code.google.com/p/affinity-search/'
PACKAGE_NAME='affinity'
PACKAGE_STRING='affinity 0.1'
PACKAGE_TARNAME='affinity'
PACKAGE_VERSION='0.1'
PATH_SEPARATOR=':'
PKG_CONFIG='/usr/bin/pkg-config'
POFILES=''
POSUB='po'
PO_IN_DATADIR_FALSE=''
PO_IN_DATADIR_TRUE=''
SET_MAKE=''
SHELL='/bin/bash'
STRIP=''
TRACKER_CFLAGS='-DDBUS_API_SUBJECT_TO_CHANGE -I/usr/include/glib-2.0 -I/usr/lib/glib-2.0/include -I/usr/include/dbus-1.0 -I/usr/lib/dbus-1.0/include  '
TRACKER_LIBS='-ltrackerclient -ldbus-glib-1 -ldbus-1 -lgobject-2.0 -lglib-2.0  '
USE_NLS='yes'
VERSION='0.1'
XGETTEXT='/usr/bin/xgettext'
ac_ct_CC='gcc'
am__fastdepCC_FALSE='#'
am__fastdepCC_TRUE=''
am__include='include'
am__isrc=''
am__leading_dot='.'
am__quote=''
am__tar='${AMTAR} chof - "$$tardir"'
am__untar='${AMTAR} xf -'
bindir='${exec_prefix}/bin'
build='x86_64-unknown-linux-gnu'
build_alias=''
build_cpu='x86_64'
build_os='linux-gnu'
build_vendor='unknown'
datadir='${datarootdir}'
datarootdir='${prefix}/share'
docdir='${datarootdir}/doc/${PACKAGE_TARNAME}'
dvidir='${docdir}'
exec_prefix='${prefix}'
host='x86_64-unknown-linux-gnu'
host_alias=''
host_cpu='x86_64'
host_os='linux-gnu'
host_vendor='unknown'
htmldir='${docdir}'
includedir='${prefix}/include'
infodir='${datarootdir}/info'
install_sh='$(SHELL) /home/timon/System/awn-extras/awn-applets/awn-extras-applets/src/affinity/install-sh'
libdir='${exec_prefix}/lib'
libexecdir='${exec_prefix}/libexec'
localedir='${datarootdir}/locale'
localstatedir='${prefix}/var'
mandir='${datarootdir}/man'
mkdir_p='/bin/mkdir -p'
oldincludedir='/usr/include'
pdfdir='${docdir}'
prefix='/usr/local'
program_transform_name='s,x,x,'
psdir='${docdir}'
sbindir='${exec_prefix}/sbin'
sharedstatedir='${prefix}/com'
sysconfdir='${prefix}/etc'
target_alias=''

## ----------- ##
## confdefs.h. ##
## ----------- ##

#define PACKAGE_NAME "affinity"
#define PACKAGE_TARNAME "affinity"
#define PACKAGE_VERSION "0.1"
#define PACKAGE_STRING "affinity 0.1"
#define PACKAGE_BUGREPORT "http://code.google.com/p/affinity-search/"
#define PACKAGE "affinity"
#define VERSION "0.1"
#define STDC_HEADERS 1
#define GETTEXT_PACKAGE "affinity"
#define HAVE_SYS_TYPES_H 1
#define HAVE_SYS_STAT_H 1
#define HAVE_STDLIB_H 1
#define HAVE_STRING_H 1
#define HAVE_MEMORY_H 1
#define HAVE_STRINGS_H 1
#define HAVE_INTTYPES_H 1
#define HAVE_STDINT_H 1
#define HAVE_UNISTD_H 1
#define HAVE_LOCALE_H 1
#define HAVE_LC_MESSAGES 1
#define HAVE_BIND_TEXTDOMAIN_CODESET 1
#define HAVE_GETTEXT 1
#define HAVE_DCGETTEXT 1
#define ENABLE_NLS 1
#define HAVE_APPLET 1
#define HAVE_TRACKER 1
#define HAVE_BEAGLE 1

configure: exit 0
